0 info it worked if it ends with ok
1 verbose cli [ '/usr/bin/node',
1 verbose cli   '/usr/bin/npm',
1 verbose cli   'install',
1 verbose cli   '-g',
1 verbose cli   'bower',
1 verbose cli   'update' ]
2 info using npm@2.11.3
3 info using node@v0.12.7
4 verbose node symlink /usr/bin/node
5 verbose install initial load of /usr/lib/package.json
6 verbose readDependencies loading dependencies from /usr/lib/package.json
7 silly cache add args [ 'bower', null ]
8 verbose cache add spec bower
9 silly cache add args [ 'update', null ]
10 verbose cache add spec update
11 silly cache add parsed spec { raw: 'bower',
11 silly cache add   scope: null,
11 silly cache add   name: 'bower',
11 silly cache add   rawSpec: '',
11 silly cache add   spec: '*',
11 silly cache add   type: 'range' }
12 silly addNamed bower@*
13 verbose addNamed "*" is a valid semver range for bower
14 silly addNameRange { name: 'bower', range: '*', hasData: false }
15 silly mapToRegistry name bower
16 silly mapToRegistry using default registry
17 silly mapToRegistry registry https://registry.npmjs.org/
18 silly mapToRegistry uri https://registry.npmjs.org/bower
19 verbose addNameRange registry:https://registry.npmjs.org/bower not in flight; fetching
20 silly cache add parsed spec { raw: 'update',
20 silly cache add   scope: null,
20 silly cache add   name: 'update',
20 silly cache add   rawSpec: '',
20 silly cache add   spec: '*',
20 silly cache add   type: 'range' }
21 silly addNamed update@*
22 verbose addNamed "*" is a valid semver range for update
23 silly addNameRange { name: 'update', range: '*', hasData: false }
24 silly mapToRegistry name update
25 silly mapToRegistry using default registry
26 silly mapToRegistry registry https://registry.npmjs.org/
27 silly mapToRegistry uri https://registry.npmjs.org/update
28 verbose addNameRange registry:https://registry.npmjs.org/update not in flight; fetching
29 verbose request uri https://registry.npmjs.org/update
30 verbose request no auth needed
31 info attempt registry request try #1 at 14:16:54
32 verbose request id c623c6d0c7dfd47b
33 http request GET https://registry.npmjs.org/update
34 verbose request uri https://registry.npmjs.org/bower
35 verbose request no auth needed
36 info attempt registry request try #1 at 14:16:54
37 verbose etag "3ZUPOLDSWABRES6Y64U5T4P7P"
38 http request GET https://registry.npmjs.org/bower
39 http 200 https://registry.npmjs.org/update
40 silly get cb [ 200,
40 silly get   { server: 'CouchDB/1.5.0 (Erlang OTP/R16B03)',
40 silly get     etag: '"7Y8DBB3ASI3QFID32Q0E2UKZL"',
40 silly get     'content-type': 'application/json',
40 silly get     'cache-control': 'max-age=60',
40 silly get     'content-length': '18036',
40 silly get     'accept-ranges': 'bytes',
40 silly get     date: 'Thu, 26 Nov 2015 20:16:54 GMT',
40 silly get     via: '1.1 varnish',
40 silly get     age: '0',
40 silly get     connection: 'keep-alive',
40 silly get     'x-served-by': 'cache-iad2142-IAD',
40 silly get     'x-cache': 'MISS',
40 silly get     'x-cache-hits': '0',
40 silly get     'x-timer': 'S1448569014.503301,VS0,VE21',
40 silly get     vary: 'Accept' } ]
41 verbose get saving update to /home/cognits/.npm/registry.npmjs.org/update/.cache.json
42 silly addNameRange number 2 { name: 'update', range: '*', hasData: true }
43 silly addNameRange versions [ 'update',
43 silly addNameRange   [ '0.1.0',
43 silly addNameRange     '0.2.0',
43 silly addNameRange     '0.3.0-beta',
43 silly addNameRange     '0.3.1-beta',
43 silly addNameRange     '0.3.2-beta',
43 silly addNameRange     '0.3.3-beta',
43 silly addNameRange     '0.3.3',
43 silly addNameRange     '0.3.5',
43 silly addNameRange     '0.3.6' ] ]
44 silly addNamed update@0.3.6
45 verbose addNamed "0.3.6" is a plain semver version for update
46 silly mapToRegistry name update
47 silly mapToRegistry using default registry
48 silly mapToRegistry registry https://registry.npmjs.org/
49 silly mapToRegistry uri https://registry.npmjs.org/update
50 verbose addRemoteTarball https://registry.npmjs.org/update/-/update-0.3.6.tgz not in flight; adding
51 verbose addRemoteTarball [ 'https://registry.npmjs.org/update/-/update-0.3.6.tgz',
51 verbose addRemoteTarball   '11bcae2d5fe3413a5dd0910f424d6310e50c99e8' ]
52 info retry fetch attempt 1 at 14:16:54
53 info attempt registry request try #1 at 14:16:54
54 http fetch GET https://registry.npmjs.org/update/-/update-0.3.6.tgz
55 http 200 https://registry.npmjs.org/bower
56 silly get cb [ 200,
56 silly get   { server: 'CouchDB/1.5.0 (Erlang OTP/R16B03)',
56 silly get     etag: '"34D6S5Y08PNHMJOVHBJDVK4IZ"',
56 silly get     'content-type': 'application/json',
56 silly get     'cache-control': 'max-age=60',
56 silly get     'content-length': '147992',
56 silly get     'accept-ranges': 'bytes',
56 silly get     date: 'Thu, 26 Nov 2015 20:16:54 GMT',
56 silly get     via: '1.1 varnish',
56 silly get     age: '32',
56 silly get     connection: 'keep-alive',
56 silly get     'x-served-by': 'cache-iad2126-IAD',
56 silly get     'x-cache': 'HIT',
56 silly get     'x-cache-hits': '1',
56 silly get     'x-timer': 'S1448569014.503005,VS0,VE0',
56 silly get     vary: 'Accept' } ]
57 verbose get saving bower to /home/cognits/.npm/registry.npmjs.org/bower/.cache.json
58 silly addNameRange number 2 { name: 'bower', range: '*', hasData: true }
59 silly addNameRange versions [ 'bower',
59 silly addNameRange   [ '0.1.0',
59 silly addNameRange     '0.1.2',
59 silly addNameRange     '0.1.3',
59 silly addNameRange     '0.2.0',
59 silly addNameRange     '0.3.0',
59 silly addNameRange     '0.3.1',
59 silly addNameRange     '0.3.2',
59 silly addNameRange     '0.4.0',
59 silly addNameRange     '0.5.0',
59 silly addNameRange     '0.5.1',
59 silly addNameRange     '0.6.0',
59 silly addNameRange     '0.6.1',
59 silly addNameRange     '0.6.2',
59 silly addNameRange     '0.6.3',
59 silly addNameRange     '0.6.4',
59 silly addNameRange     '0.6.5',
59 silly addNameRange     '0.6.6',
59 silly addNameRange     '0.6.7',
59 silly addNameRange     '0.6.8',
59 silly addNameRange     '0.7.0',
59 silly addNameRange     '0.7.1',
59 silly addNameRange     '0.8.0',
59 silly addNameRange     '0.8.1',
59 silly addNameRange     '0.8.2',
59 silly addNameRange     '0.8.3',
59 silly addNameRange     '0.8.4',
59 silly addNameRange     '0.8.5',
59 silly addNameRange     '0.8.6',
59 silly addNameRange     '0.9.0',
59 silly addNameRange     '0.9.1',
59 silly addNameRange     '0.9.2',
59 silly addNameRange     '0.10.0',
59 silly addNameRange     '1.0.0',
59 silly addNameRange     '1.0.1',
59 silly addNameRange     '1.0.2',
59 silly addNameRange     '1.0.3',
59 silly addNameRange     '1.1.0',
59 silly addNameRange     '1.1.1',
59 silly addNameRange     '1.1.2',
59 silly addNameRange     '1.2.0',
59 silly addNameRange     '1.2.1',
59 silly addNameRange     '1.2.2',
59 silly addNameRange     '1.2.3',
59 silly addNameRange     '1.2.4',
59 silly addNameRange     '1.2.5',
59 silly addNameRange     '1.2.6',
59 silly addNameRange     '1.2.7',
59 silly addNameRange     '1.2.8',
59 silly addNameRange     '1.3.0',
59 silly addNameRange     '1.3.1',
59 silly addNameRange     '1.3.2',
59 silly addNameRange     '1.3.3',
59 silly addNameRange     '1.3.4',
59 silly addNameRange     '1.3.5',
59 silly addNameRange     '1.3.6',
59 silly addNameRange     '1.3.7',
59 silly addNameRange     '1.3.8',
59 silly addNameRange     '1.3.9',
59 silly addNameRange     '1.3.10',
59 silly addNameRange     '1.3.11',
59 silly addNameRange     '1.3.12',
59 silly addNameRange     '1.4.0',
59 silly addNameRange     '1.4.1',
59 silly addNameRange     '1.5.0',
59 silly addNameRange     '1.5.1',
59 silly addNameRange     '1.5.2',
59 silly addNameRange     '1.5.3',
59 silly addNameRange     '1.6.2',
59 silly addNameRange     '1.6.3',
59 silly addNameRange     '1.6.4',
59 silly addNameRange     '1.6.5',
59 silly addNameRange     '1.5.4',
59 silly addNameRange     '1.4.2',
59 silly addNameRange     '1.6.6',
59 silly addNameRange     '1.6.7' ] ]
60 silly addNamed bower@1.6.7
61 verbose addNamed "1.6.7" is a plain semver version for bower
62 silly mapToRegistry name bower
63 silly mapToRegistry using default registry
64 silly mapToRegistry registry https://registry.npmjs.org/
65 silly mapToRegistry uri https://registry.npmjs.org/bower
66 verbose addRemoteTarball https://registry.npmjs.org/bower/-/bower-1.6.7.tgz not in flight; adding
67 verbose addRemoteTarball [ 'https://registry.npmjs.org/bower/-/bower-1.6.7.tgz',
67 verbose addRemoteTarball   'bf7c8aa092b0096be53afbd039cfbb633c0ad457' ]
68 info retry fetch attempt 1 at 14:16:54
69 info attempt registry request try #1 at 14:16:54
70 http fetch GET https://registry.npmjs.org/bower/-/bower-1.6.7.tgz
71 http fetch 200 https://registry.npmjs.org/update/-/update-0.3.6.tgz
72 silly fetchAndShaCheck shasum 11bcae2d5fe3413a5dd0910f424d6310e50c99e8
73 verbose addTmpTarball /tmp/npm-11233-aa865af8/registry.npmjs.org/update/-/update-0.3.6.tgz not in flight; adding
74 verbose addTmpTarball already have metadata; skipping unpack for update@0.3.6
75 silly cache afterAdd update@0.3.6
76 verbose afterAdd /home/cognits/.npm/update/0.3.6/package/package.json not in flight; writing
77 verbose afterAdd /home/cognits/.npm/update/0.3.6/package/package.json written
78 http fetch 200 https://registry.npmjs.org/bower/-/bower-1.6.7.tgz
79 silly fetchAndShaCheck shasum bf7c8aa092b0096be53afbd039cfbb633c0ad457
80 verbose addTmpTarball /tmp/npm-11233-aa865af8/registry.npmjs.org/bower/-/bower-1.6.7.tgz not in flight; adding
81 verbose addTmpTarball already have metadata; skipping unpack for bower@1.6.7
82 silly cache afterAdd bower@1.6.7
83 verbose afterAdd /home/cognits/.npm/bower/1.6.7/package/package.json not in flight; writing
84 verbose afterAdd /home/cognits/.npm/bower/1.6.7/package/package.json written
85 silly install resolved [ { name: 'update',
85 silly install resolved     description: 'Update the year in all files in a project using glob patterns.',
85 silly install resolved     version: '0.3.6',
85 silly install resolved     homepage: 'https://github.com/jonschlinkert/update',
85 silly install resolved     author:
85 silly install resolved      { name: 'Jon Schlinkert',
85 silly install resolved        url: 'https://github.com/jonschlinkert' },
85 silly install resolved     repository: { type: 'git', url: 'https://github.com/jonschlinkert/update' },
85 silly install resolved     bugs: { url: 'https://github.com/jonschlinkert/update/issues' },
85 silly install resolved     license: 'MIT',
85 silly install resolved     files: [ 'cli.js', 'lib/', 'templates/', 'verbfile.js', 'plugins/' ],
85 silly install resolved     main: 'index.js',
85 silly install resolved     preferGlobal: true,
85 silly install resolved     bin: { update: './cli.js' },
85 silly install resolved     engines: { node: '>=0.10.0' },
85 silly install resolved     scripts: { test: 'mocha' },
85 silly install resolved     dependencies:
85 silly install resolved      { 'arr-diff': '^1.0.1',
85 silly install resolved        'array-intersection': '^0.1.1',
85 silly install resolved        'array-unique': '^0.1.1',
85 silly install resolved        chalk: '^1.0.0',
85 silly install resolved        del: '^1.1.1',
85 silly install resolved        'export-files': '^1.1.0',
85 silly install resolved        glob: '^4.4.1',
85 silly install resolved        'gray-matter': '^1.2.5',
85 silly install resolved        'gulp-util': '^3.0.4',
85 silly install resolved        'has-banner': '^0.2.0',
85 silly install resolved        'kind-of': '^1.1.0',
85 silly install resolved        'log-symbols': '^1.0.2',
85 silly install resolved        'merge-deep': '^1.0.1',
85 silly install resolved        micromatch: '^1.4.2',
85 silly install resolved        'parse-copyright': '^0.4.0',
85 silly install resolved        'requires-regex': '^0.2.0',
85 silly install resolved        'sort-object': '^1.0.0',
85 silly install resolved        through2: '^0.6.3',
85 silly install resolved        'update-banner': '^0.1.1',
85 silly install resolved        'update-license': '^0.3.0',
85 silly install resolved        'update-package': '^0.2.0',
85 silly install resolved        verb: '^0.6.1' },
85 silly install resolved     keywords: [ 'javascript', 'keys', 'object', 'sort' ],
85 silly install resolved     gitHead: '20af38473d5630c5b725a34f041df0aabf050935',
85 silly install resolved     _id: 'update@0.3.6',
85 silly install resolved     _shasum: '11bcae2d5fe3413a5dd0910f424d6310e50c99e8',
85 silly install resolved     _from: 'update@*',
85 silly install resolved     _npmVersion: '2.5.1',
85 silly install resolved     _nodeVersion: '0.12.0',
85 silly install resolved     _npmUser: { name: 'jonschlinkert', email: 'github@sellside.com' },
85 silly install resolved     maintainers: [ [Object] ],
85 silly install resolved     dist:
85 silly install resolved      { shasum: '11bcae2d5fe3413a5dd0910f424d6310e50c99e8',
85 silly install resolved        tarball: 'http://registry.npmjs.org/update/-/update-0.3.6.tgz' },
85 silly install resolved     directories: {},
85 silly install resolved     _resolved: 'https://registry.npmjs.org/update/-/update-0.3.6.tgz' },
85 silly install resolved   { name: 'bower',
85 silly install resolved     version: '1.6.7',
85 silly install resolved     description: 'The browser package manager',
85 silly install resolved     author: { name: 'Twitter' },
85 silly install resolved     license: 'MIT',
85 silly install resolved     repository: { type: 'git', url: 'git+https://github.com/bower/bower.git' },
85 silly install resolved     main: 'lib',
85 silly install resolved     homepage: 'http://bower.io',
85 silly install resolved     engines: { node: '>=0.10.0' },
85 silly install resolved     keywords: [ 'bower' ],
85 silly install resolved     dependencies:
85 silly install resolved      { abbrev: '^1.0.5',
85 silly install resolved        archy: '1.0.0',
85 silly install resolved        'bower-config': '^1.2.2',
85 silly install resolved        'bower-endpoint-parser': '^0.2.2',
85 silly install resolved        'bower-json': '^0.4.0',
85 silly install resolved        'bower-logger': '^0.2.2',
85 silly install resolved        'bower-registry-client': '^1.0.0',
85 silly install resolved        cardinal: '0.4.4',
85 silly install resolved        chalk: '^1.0.0',
85 silly install resolved        chmodr: '^1.0.2',
85 silly install resolved        configstore: '^0.3.2',
85 silly install resolved        'decompress-zip': '^0.1.0',
85 silly install resolved        destroy: '^1.0.3',
85 silly install resolved        'fs-write-stream-atomic': '^1.0.4',
85 silly install resolved        fstream: '^1.0.3',
85 silly install resolved        'fstream-ignore': '^1.0.2',
85 silly install resolved        github: '^0.2.3',
85 silly install resolved        glob: '^4.3.2',
85 silly install resolved        'graceful-fs': '^3.0.5',
85 silly install resolved        handlebars: '^2.0.0',
85 silly install resolved        inquirer: '0.10.0',
85 silly install resolved        insight: '^0.7.0',
85 silly install resolved        'is-root': '^1.0.0',
85 silly install resolved        junk: '^1.0.0',
85 silly install resolved        lockfile: '^1.0.0',
85 silly install resolved        'lru-cache': '^2.5.0',
85 silly install resolved        'md5-hex': '^1.0.2',
85 silly install resolved        mkdirp: '0.5.0',
85 silly install resolved        mout: '^0.11.0',
85 silly install resolved        nopt: '^3.0.1',
85 silly install resolved        opn: '^1.0.1',
85 silly install resolved        'p-throttler': '0.1.1',
85 silly install resolved        promptly: '0.2.0',
85 silly install resolved        q: '^1.1.2',
85 silly install resolved        request: '2.53.0',
85 silly install resolved        'request-progress': '0.3.1',
85 silly install resolved        retry: '0.6.1',
85 silly install resolved        rimraf: '^2.2.8',
85 silly install resolved        semver: '^2.3.0',
85 silly install resolved        'shell-quote': '^1.4.2',
85 silly install resolved        'stringify-object': '^1.0.0',
85 silly install resolved        'tar-fs': '^1.4.1',
85 silly install resolved        tmp: '0.0.24',
85 silly install resolved        'update-notifier': '^0.3.0',
85 silly install resolved        'user-home': '^1.1.0',
85 silly install resolved        which: '^1.0.8' },
85 silly install resolved     devDependencies:
85 silly install resolved      { chai: '^1.10.0',
85 silly install resolved        coveralls: '^2.11.2',
85 silly install resolved        'expect.js': '^0.3.1',
85 silly install resolved        grunt: '^0.4.5',
85 silly install resolved        'grunt-cli': '^0.1.13',
85 silly install resolved        'grunt-contrib-jshint': '^0.10.0',
85 silly install resolved        'grunt-contrib-watch': '^0.6.1',
85 silly install resolved        'grunt-exec': '^0.4.6',
85 silly install resolved        'grunt-simple-mocha': '^0.4.0',
85 silly install resolved        istanbul: '^0.3.5',
85 silly install resolved        'load-grunt-tasks': '^2.0.0',
85 silly install resolved        mocha: '^2.1.0',
85 silly install resolved        multiline: '^1.0.2',
85 silly install resolved        nock: '^2.13.0',
85 silly install resolved        'node-uuid': '^1.4.2',
85 silly install resolved        'npm-shrinkwrap': '^5.4.1',
85 silly install resolved        proxyquire: '^1.3.0',
85 silly install resolved        'spawn-sync': '^1.0.5' },
85 silly install resolved     scripts: { test: 'grunt test' },
85 silly install resolved     bin: { bower: 'bin/bower' },
85 silly install resolved     files: [ 'bin', 'lib', 'templates' ],
85 silly install resolved     gitHead: '1a990f4563c6d2733b38792cc0c140d38ea57d12',
85 silly install resolved     bugs: { url: 'https://github.com/bower/bower/issues' },
85 silly install resolved     bundleDependencies:
85 silly install resolved      [ 'abbrev',
85 silly install resolved        'archy',
85 silly install resolved        'bower-config',
85 silly install resolved        'bower-endpoint-parser',
85 silly install resolved        'bower-json',
85 silly install resolved        'bower-logger',
85 silly install resolved        'bower-registry-client',
85 silly install resolved        'cardinal',
85 silly install resolved        'chalk',
85 silly install resolved        'chmodr',
85 silly install resolved        'configstore',
85 silly install resolved        'decompress-zip',
85 silly install resolved        'destroy',
85 silly install resolved        'fs-write-stream-atomic',
85 silly install resolved        'fstream',
85 silly install resolved        'fstream-ignore',
85 silly install resolved        'github',
85 silly install resolved        'glob',
85 silly install resolved        'graceful-fs',
85 silly install resolved        'handlebars',
85 silly install resolved        'inquirer',
85 silly install resolved        'insight',
85 silly install resolved        'is-root',
85 silly install resolved        'junk',
85 silly install resolved        'lockfile',
85 silly install resolved        'lru-cache',
85 silly install resolved        'md5-hex',
85 silly install resolved        'mkdirp',
85 silly install resolved        'mout',
85 silly install resolved        'nopt',
85 silly install resolved        'opn',
85 silly install resolved        'p-throttler',
85 silly install resolved        'promptly',
85 silly install resolved        'q',
85 silly install resolved        'request',
85 silly install resolved        'request-progress',
85 silly install resolved        'retry',
85 silly install resolved        'rimraf',
85 silly install resolved        'semver',
85 silly install resolved        'shell-quote',
85 silly install resolved        'stringify-object',
85 silly install resolved        'tar-fs',
85 silly install resolved        'tmp',
85 silly install resolved        'update-notifier',
85 silly install resolved        'user-home',
85 silly install resolved        'which' ],
85 silly install resolved     _id: 'bower@1.6.7',
85 silly install resolved     _shasum: 'bf7c8aa092b0096be53afbd039cfbb633c0ad457',
85 silly install resolved     _from: 'bower@*',
85 silly install resolved     _npmVersion: '2.14.10',
85 silly install resolved     _nodeVersion: '4.1.1',
85 silly install resolved     _npmUser: { name: 'sheerun', email: 'sheerun@sher.pl' },
85 silly install resolved     dist:
85 silly install resolved      { shasum: 'bf7c8aa092b0096be53afbd039cfbb633c0ad457',
85 silly install resolved        tarball: 'http://registry.npmjs.org/bower/-/bower-1.6.7.tgz' },
85 silly install resolved     maintainers:
85 silly install resolved      [ [Object],
85 silly install resolved        [Object],
85 silly install resolved        [Object],
85 silly install resolved        [Object],
85 silly install resolved        [Object],
85 silly install resolved        [Object],
85 silly install resolved        [Object] ],
85 silly install resolved     directories: {},
85 silly install resolved     _resolved: 'https://registry.npmjs.org/bower/-/bower-1.6.7.tgz' } ]
86 info install update@0.3.6 into /usr/lib
87 info install bower@1.6.7 into /usr/lib
88 info installOne update@0.3.6
89 verbose installOne of update to /usr/lib not in flight; installing
90 info installOne bower@1.6.7
91 verbose installOne of bower to /usr/lib not in flight; installing
92 verbose lock using /home/cognits/.npm/_locks/update-ada89a9008d12a31.lock for /usr/lib/node_modules/update
93 verbose lock using /home/cognits/.npm/_locks/bower-f46d670cb56ecd4d.lock for /usr/lib/node_modules/bower
94 silly install write writing update 0.3.6 to /usr/lib/node_modules/update
95 silly install write writing bower 1.6.7 to /usr/lib/node_modules/bower
96 verbose unbuild lib/node_modules/update
97 verbose unbuild lib/node_modules/bower
98 silly gentlyRm /usr/lib/node_modules/update is being purged from base /usr
99 verbose gentlyRm don't care about contents; nuking /usr/lib/node_modules/update
100 verbose tar unpack /home/cognits/.npm/update/0.3.6/package.tgz
101 verbose tar unpacking to /usr/lib/node_modules/update
102 silly gentlyRm /usr/lib/node_modules/update is being purged
103 verbose gentlyRm don't care about contents; nuking /usr/lib/node_modules/update
104 silly gunzTarPerm modes [ '775', '664' ]
105 info preuninstall bower@1.4.1
106 info uninstall bower@1.4.1
107 error tar.unpack untar error /home/cognits/.npm/update/0.3.6/package.tgz
108 verbose unbuild rmStuff bower@1.4.1 from /usr/lib/node_modules
109 silly gentlyRm /usr/bin/bower is being gently removed
110 silly gentlyRm verifying /usr is an npm working directory
111 verbose unlock done using /home/cognits/.npm/_locks/update-ada89a9008d12a31.lock for /usr/lib/node_modules/update
112 silly gentlyRm containing path /usr is under npm's control, in /usr
113 silly gentlyRm deletion target /usr/bin/bower is under /usr
114 verbose gentlyRm vacuuming from /usr/bin/bower up to /usr
115 silly vacuum-fs removing /usr/bin/bower
116 verbose unlock done using /home/cognits/.npm/_locks/bower-f46d670cb56ecd4d.lock for /usr/lib/node_modules/bower
117 verbose fstream_path /usr/lib/node_modules/update
118 verbose fstream_type Directory
119 verbose fstream_class DirWriter
120 verbose stack Error: EACCES, mkdir '/usr/lib/node_modules/update'
120 verbose stack     at Error (native)
121 verbose fstream_stack /usr/lib/node_modules/npm/node_modules/fstream/lib/dir-writer.js:35:25
121 verbose fstream_stack /usr/lib/node_modules/npm/node_modules/mkdirp/index.js:47:53
121 verbose fstream_stack FSReqWrap.oncomplete (fs.js:95:15)
122 verbose cwd /home/cognits/Escritorio/Test
123 error Linux 3.13.0-65-generic
124 error argv "/usr/bin/node" "/usr/bin/npm" "install" "-g" "bower" "update"
125 error node v0.12.7
126 error npm  v2.11.3
127 error path /usr/lib/node_modules/update
128 error code EACCES
129 error errno -13
130 error Error: EACCES, mkdir '/usr/lib/node_modules/update'
130 error     at Error (native)
130 error  { [Error: EACCES, mkdir '/usr/lib/node_modules/update']
130 error   errno: -13,
130 error   code: 'EACCES',
130 error   path: '/usr/lib/node_modules/update',
130 error   fstream_type: 'Directory',
130 error   fstream_path: '/usr/lib/node_modules/update',
130 error   fstream_class: 'DirWriter',
130 error   fstream_stack:
130 error    [ '/usr/lib/node_modules/npm/node_modules/fstream/lib/dir-writer.js:35:25',
130 error      '/usr/lib/node_modules/npm/node_modules/mkdirp/index.js:47:53',
130 error      'FSReqWrap.oncomplete (fs.js:95:15)' ] }
131 error Please try running this command again as root/Administrator.
132 verbose exit [ -13, true ]
133 verbose unbuild lib/node_modules/update
134 silly gentlyRm /usr/lib/node_modules/update is being purged from base /usr
135 verbose gentlyRm don't care about contents; nuking /usr/lib/node_modules/update
136 verbose unbuild lib/node_modules/bower
137 info preuninstall bower@1.4.1
138 info uninstall bower@1.4.1
139 verbose unbuild rmStuff bower@1.4.1 from /usr/lib/node_modules
140 silly gentlyRm /usr/bin/bower is being gently removed
141 silly gentlyRm verifying /usr is an npm working directory
142 silly gentlyRm containing path /usr is under npm's control, in /usr
143 silly gentlyRm deletion target /usr/bin/bower is under /usr
144 verbose gentlyRm vacuuming from /usr/bin/bower up to /usr
145 silly vacuum-fs removing /usr/bin/bower
146 error error rolling back Error: EACCES, unlink '/usr/bin/bower'
146 error error rolling back     at Error (native)
146 error error rolling back  { [Error: EACCES, unlink '/usr/bin/bower'] errno: -13, code: 'EACCES', path: '/usr/bin/bower' }
